
Reading "/home/sentot/zk/version1/ZK/examples/finitespec.ver"
Warning RULE-LOOPS for FN!FUNCTION-EXTENSIONALITY:
 The rule FN!FUNCTION-EXTENSIONALITY loops upon itself.
IS-FINITE
TYPE-OF-IS-FINITE
Beginning proof of TYPE-OF-IS-FINITE ...
(= (TYPE-OF (IS-FINITE X)) (BOOL))
CARD
FINITE-CARD-NAT
Beginning proof of FINITE-CARD-NAT ...
(IMPLIES (IS-FINITE X) (>= (CARD X) 0))
FINITE-HAS-ENUMERATION
Beginning proof of FINITE-HAS-ENUMERATION ...
(IMPLIES (IS-FINITE X) (SOME (F) (IN F (FN!SURJ (RANGE 1 (CARD X)) X))))
IS-FINITE-MONOTONIC
Beginning proof of IS-FINITE-MONOTONIC ...
(IMPLIES (AND (IS-FINITE Y) (SUBSET X Y))
 (AND (IS-FINITE X) (<= (CARD X) (CARD Y))))
CARD-STRICTLY-MONOTONIC
Beginning proof of CARD-STRICTLY-MONOTONIC ...
(IMPLIES (AND (IS-FINITE Y) (SUBSET X Y) (= (CARD X) (CARD Y))) (= X Y))
IS-FINITE-NULLSET
Beginning proof of IS-FINITE-NULLSET ...
(= (IS-FINITE (NULLSET)) (TRUE))
CARD-NULLSET
Beginning proof of CARD-NULLSET ...
(= (CARD (NULLSET)) 0)
CARD-0-IFF-NULLSET
Beginning proof of CARD-0-IFF-NULLSET ...
(IMPLIES (IS-FINITE X) (= (= (CARD X) 0) (= X (NULLSET))))
IS-FINITE-UNIT
Beginning proof of IS-FINITE-UNIT ...
(= (IS-FINITE (UNIT X)) (TRUE))
CARD-UNIT
Beginning proof of CARD-UNIT ...
(= (CARD (UNIT X)) 1)
IS-FINITE-UNION
Beginning proof of IS-FINITE-UNION ...
(= (IS-FINITE (UNION X Y)) (AND (IS-FINITE X) (IS-FINITE Y)))
CARD-UNION
Beginning proof of CARD-UNION ...
(IMPLIES (AND (IS-FINITE X) (IS-FINITE Y))
 (= (+ (CARD X) (CARD Y)) (+ (CARD (UNION X Y)) (CARD (INTER X Y)))))
IS-FINITE-SETADD
Beginning proof of IS-FINITE-SETADD ...
(= (IS-FINITE (SETADD X Y)) (IS-FINITE Y))
CARD-SETADD
Beginning proof of CARD-SETADD ...
(IMPLIES (IS-FINITE Y)
 (= (CARD (SETADD X Y)) (IF (IN X Y) (CARD Y) (+ 1 (CARD Y)))))
IS-FINITE-DIFF
Beginning proof of IS-FINITE-DIFF ...
(IMPLIES (IS-FINITE X) (= (IS-FINITE (DIFF X Y)) (TRUE)))
CARD-DIFF
Beginning proof of CARD-DIFF ...
(IMPLIES (IS-FINITE X) (= (CARD (DIFF X Y)) (- (CARD X) (CARD (INTER X Y)))))
IS-FINITE-SIMPLE-RANGE
Beginning proof of IS-FINITE-SIMPLE-RANGE ...
(= (IS-FINITE (RANGE 1 N)) (TRUE))
CARD-SIMPLE-RANGE
Beginning proof of CARD-SIMPLE-RANGE ...
(= (CARD (RANGE 1 N)) (IF (NAT!ZEROP N) 0 N))
FINITE-FUNCTION-DOM-RAN
Beginning proof of FINITE-FUNCTION-DOM-RAN ...
(IMPLIES (AND (FN!IS-FUNCTION F) (IS-FINITE (REL!DOM F)))
 (AND (IS-FINITE (REL!RAN F)) (<= (CARD (REL!RAN F)) (CARD (REL!DOM F)))))
FINITE-FUNCTION-DOM
Beginning proof of FINITE-FUNCTION-DOM ...
(IMPLIES (AND (FN!IS-FUNCTION F) (IS-FINITE (REL!DOM F)))
 (AND (IS-FINITE F) (= (CARD F) (CARD (REL!DOM F)))))
FINITE-IMPLIES-DOM-FINITE
Beginning proof of FINITE-IMPLIES-DOM-FINITE ...
(IMPLIES (IS-FINITE X)
 (AND (IS-FINITE (REL!DOM X)) (<= (CARD (REL!DOM X)) (CARD X))))
FINITE-IMPLIES-RAN-FINITE
Beginning proof of FINITE-IMPLIES-RAN-FINITE ...
(IMPLIES (IS-FINITE X)
 (AND (IS-FINITE (REL!RAN X)) (<= (CARD (REL!RAN X)) (CARD X))))
FINITE-SUBSETS
FINITE-SUBSETS-OF-FINITE-SET
Beginning proof of FINITE-SUBSETS-OF-FINITE-SET ...
(IMPLIES (IS-FINITE X) (= (FINITE-SUBSETS X) (POWERSET X)))
FINITE-SUBSETS-INDUCTION
Beginning proof of FINITE-SUBSETS-INDUCTION ...
(IMPLIES
 (AND (IN (NULLSET) Y)
  (ALL (A B) (IMPLIES (AND (IN A X) (IN B Y)) (IN (SETADD A B) Y))))
 (SUBSET (FINITE-SUBSETS X) Y))
Done.