
Reading "/home/sentot/zk/version1/ZK/examples/fixptspec.ver"
Warning RULE-LOOPS for FN!FUNCTION-EXTENSIONALITY:
 The rule FN!FUNCTION-EXTENSIONALITY loops upon itself.
IS-MONOTONIC
FIX
FIX-IN-DOM
Beginning proof of FIX-IN-DOM ...
(IMPLIES (IS-MONOTONIC F X) (IN (FIX F) (REL!DOM F)))
FIX-IN-DOM-2
Beginning proof of FIX-IN-DOM-2 ...
(IMPLIES (IS-MONOTONIC F X) (SUBSET (FIX F) X))
FIX-IS-FIXEDPOINT
Beginning proof of FIX-IS-FIXEDPOINT ...
(IMPLIES (IS-MONOTONIC F X) (= (FN!APPLY F (FIX F)) (FIX F)))
FIX-IS-LEAST-FIXEDPOINT
Beginning proof of FIX-IS-LEAST-FIXEDPOINT ...
(IMPLIES (AND (IS-MONOTONIC F X) (SUBSET A X) (= (FN!APPLY F A) A))
 (SUBSET (FIX F) A))
FIX-IS-LEAST-SUPERPOINT
Beginning proof of FIX-IS-LEAST-SUPERPOINT ...
(IMPLIES (AND (IS-MONOTONIC F X) (SUBSET A X) (SUBSET (FN!APPLY F A) A))
 (SUBSET (FIX F) A))
Done.