
Reading "/home/sentot/zk/version1/ZK/examples/fnspec.ver"
IS-FUNCTION
IS-FUNCTION-BOOL
Beginning proof of IS-FUNCTION-BOOL ...
(= (TYPE-OF (IS-FUNCTION F)) (BOOL))
FUNCTION-IS-RELATION
Beginning proof of FUNCTION-IS-RELATION ...
(IMPLIES (IS-FUNCTION F) (REL!IS-RELATION F))
FUNCTION-IS-RELATION-2
Beginning proof of FUNCTION-IS-RELATION-2 ...
(IMPLIES (NOT (REL!IS-RELATION F)) (= (IS-FUNCTION F) (FALSE)))
FUNCTION-PROPERTY
Beginning proof of FUNCTION-PROPERTY ...
(IMPLIES (AND (IS-FUNCTION F) (IN (PAIR!PAIR A B) F) (IN (PAIR!PAIR A C) F))
 (= B C))
IS-FUNCTION-SUBSET
Beginning proof of IS-FUNCTION-SUBSET ...
(IMPLIES (AND (IS-FUNCTION Y) (SUBSET X Y)) (IS-FUNCTION X))
APPLY
APPLY-DEFINITION
Beginning proof of APPLY-DEFINITION ...
(IMPLIES (AND (IS-FUNCTION F) (IN X (REL!DOM F)))
 (IN (PAIR!PAIR X (APPLY F X)) F))
APPLY-UNIQUE
Beginning proof of APPLY-UNIQUE ...
(IMPLIES (AND (IS-FUNCTION F) (IN (PAIR!PAIR X Y) F)) (= Y (APPLY F X)))
APPLY-IN-RAN
Beginning proof of APPLY-IN-RAN ...
(IMPLIES (AND (IS-FUNCTION F) (IN X (REL!DOM F))) (IN (APPLY F X) (REL!RAN F)))
Warning RULE-LOOPS for FUNCTION-EXTENSIONALITY:
 The rule FUNCTION-EXTENSIONALITY loops upon itself.
FUNCTION-EXTENSIONALITY
Beginning proof of FUNCTION-EXTENSIONALITY ...
(IMPLIES (AND (IS-FUNCTION F) (IS-FUNCTION G))
 (= (= F G)
  (AND (= (REL!DOM F) (REL!DOM G))
   (ALL (X) (IMPLIES (IN X (REL!DOM F)) (= (APPLY F X) (APPLY G X)))))))
IN-RAN-FUNCTION
Beginning proof of IN-RAN-FUNCTION ...
(IMPLIES (IS-FUNCTION F)
 (= (IN X (REL!RAN F)) (SOME (Y) (AND (IN Y (REL!DOM F)) (= X (APPLY F Y))))))
FUNCTION-RAN-SUBSET
Beginning proof of FUNCTION-RAN-SUBSET ...
(IMPLIES (IS-FUNCTION F)
 (= (SUBSET (REL!RAN F) S)
  (ALL (X) (IMPLIES (IN X (REL!DOM F)) (IN (APPLY F X) S)))))
FUNCTION-IMAGE-UNIT
Beginning proof of FUNCTION-IMAGE-UNIT ...
(IMPLIES (AND (IS-FUNCTION F) (IN X (REL!DOM F)))
 (= (REL!IMAGE F (UNIT X)) (UNIT (APPLY F X))))
FUNCTION-IMAGE-SETADD
Beginning proof of FUNCTION-IMAGE-SETADD ...
(IMPLIES (AND (IS-FUNCTION F) (IN X (REL!DOM F)))
 (= (REL!IMAGE F (SETADD X Y)) (SETADD (APPLY F X) (REL!IMAGE F Y))))
IN-PRE-IMAGE-OF-FUNCTION
Beginning proof of IN-PRE-IMAGE-OF-FUNCTION ...
(IMPLIES (IS-FUNCTION F)
 (= (IN X (REL!IMAGE (REL!INVERSE F) Y))
  (AND (IN X (REL!DOM F)) (IN (APPLY F X) Y))))
RAN-DOM-REMOVE-FUNCTION
Beginning proof of RAN-DOM-REMOVE-FUNCTION ...
(IMPLIES (IS-FUNCTION (REL!INVERSE R))
 (= (REL!RAN (REL!DOM-REMOVE X R)) (DIFF (REL!RAN R) (REL!IMAGE R X))))
DOM-RAN-REMOVE-FUNCTION
Beginning proof of DOM-RAN-REMOVE-FUNCTION ...
(IMPLIES (IS-FUNCTION R)
 (= (REL!DOM (REL!RAN-REMOVE R X))
  (DIFF (REL!DOM R) (REL!IMAGE (REL!INVERSE R) X))))
APPLY-SUBSET
Beginning proof of APPLY-SUBSET ...
(IMPLIES (AND (IS-FUNCTION G) (SUBSET F G) (IN X (REL!DOM F)))
 (= (APPLY F X) (APPLY G X)))
IS-FUNCTION-NULLSET
Beginning proof of IS-FUNCTION-NULLSET ...
(= (IS-FUNCTION (NULLSET)) (TRUE))
IS-FUNCTION-UNIT
Beginning proof of IS-FUNCTION-UNIT ...
(= (IS-FUNCTION (UNIT X)) (PAIR!IS-PAIR X))
APPLY-UNIT-PAIR
Beginning proof of APPLY-UNIT-PAIR ...
(IMPLIES (= Z X) (= (APPLY (UNIT (PAIR!PAIR X Y)) Z) Y))
IS-FUNCTION-UNION
Beginning proof of IS-FUNCTION-UNION ...
(= (IS-FUNCTION (UNION F G))
 (AND (IS-FUNCTION F) (IS-FUNCTION G)
  (ALL (X)
   (IMPLIES (IN X (INTER (REL!DOM F) (REL!DOM G)))
    (= (APPLY F X) (APPLY G X))))))
APPLY-UNION
Beginning proof of APPLY-UNION ...
(IMPLIES (AND (IS-FUNCTION (UNION F G)) (IN X (REL!DOM (UNION F G))))
 (= (APPLY (UNION F G) X) (IF (IN X (REL!DOM F)) (APPLY F X) (APPLY G X))))
IS-FUNCTION-SETADD
Beginning proof of IS-FUNCTION-SETADD ...
(= (IS-FUNCTION (SETADD X F))
 (AND (IS-FUNCTION F) (PAIR!IS-PAIR X)
  (IMPLIES (IN (PAIR!FST X) (REL!DOM F)) (IN X F))))
APPLY-SETADD
Beginning proof of APPLY-SETADD ...
(IMPLIES (AND (IS-FUNCTION (SETADD X F)) (IN Y (REL!DOM (SETADD X F))))
 (= (APPLY (SETADD X F) Y) (IF (= Y (PAIR!FST X)) (PAIR!SND X) (APPLY F Y))))
IS-FUNCTION-COMP-FUNCTIONS
Beginning proof of IS-FUNCTION-COMP-FUNCTIONS ...
(IMPLIES (AND (IS-FUNCTION F) (IS-FUNCTION G))
 (= (IS-FUNCTION (REL!COMP F G)) (TRUE)))
APPLY-COMP
Beginning proof of APPLY-COMP ...
(IMPLIES
 (AND (IS-FUNCTION F) (IS-FUNCTION G) (IN X (REL!DOM F))
  (IN (APPLY F X) (REL!DOM G)))
 (= (APPLY (REL!COMP F G) X) (APPLY G (APPLY F X))))
IS-FUNCTION-ID
Beginning proof of IS-FUNCTION-ID ...
(= (IS-FUNCTION (REL!ID X)) (TRUE))
APPLY-ID
Beginning proof of APPLY-ID ...
(IMPLIES (IN Y X) (= (APPLY (REL!ID X) Y) Y))
IS-FUNCTION-DOM-RESTRICT
Beginning proof of IS-FUNCTION-DOM-RESTRICT ...
(IMPLIES (IS-FUNCTION F) (= (IS-FUNCTION (REL!DOM-RESTRICT X F)) (TRUE)))
APPLY-DOM-RESTRICT-FUNCTION
Beginning proof of APPLY-DOM-RESTRICT-FUNCTION ...
(IMPLIES (AND (IS-FUNCTION F) (IN X S) (IN X (REL!DOM F)))
 (= (APPLY (REL!DOM-RESTRICT S F) X) (APPLY F X)))
IS-FUNCTION-RAN-RESTRICT
Beginning proof of IS-FUNCTION-RAN-RESTRICT ...
(IMPLIES (IS-FUNCTION F) (= (IS-FUNCTION (REL!RAN-RESTRICT F X)) (TRUE)))
APPLY-RAN-RESTRICT-FUNCTION
Beginning proof of APPLY-RAN-RESTRICT-FUNCTION ...
(IMPLIES (AND (IS-FUNCTION F) (IN X (REL!DOM F)) (IN (APPLY F X) S))
 (= (APPLY (REL!RAN-RESTRICT F S) X) (APPLY F X)))
IS-FUNCTION-DOM-REMOVE
Beginning proof of IS-FUNCTION-DOM-REMOVE ...
(IMPLIES (IS-FUNCTION F) (= (IS-FUNCTION (REL!DOM-REMOVE X F)) (TRUE)))
APPLY-DOM-REMOVE-FUNCTION
Beginning proof of APPLY-DOM-REMOVE-FUNCTION ...
(IMPLIES (AND (IS-FUNCTION F) (NOT (IN X S)) (IN X (REL!DOM F)))
 (= (APPLY (REL!DOM-REMOVE S F) X) (APPLY F X)))
IS-FUNCTION-RAN-REMOVE
Beginning proof of IS-FUNCTION-RAN-REMOVE ...
(IMPLIES (IS-FUNCTION F) (= (IS-FUNCTION (REL!RAN-REMOVE F X)) (TRUE)))
APPLY-RAN-REMOVE-FUNCTION
Beginning proof of APPLY-RAN-REMOVE-FUNCTION ...
(IMPLIES (AND (IS-FUNCTION F) (IN X (REL!DOM F)) (NOT (IN (APPLY F X) S)))
 (= (APPLY (REL!RAN-REMOVE F S) X) (APPLY F X)))
OVERRIDE
IS-RELATION-OVERRIDE
Beginning proof of IS-RELATION-OVERRIDE ...
(IMPLIES (AND (REL!IS-RELATION F) (REL!IS-RELATION G))
 (= (REL!IS-RELATION (OVERRIDE F G)) (TRUE)))
IS-FUNCTION-OVERRIDE
Beginning proof of IS-FUNCTION-OVERRIDE ...
(IMPLIES (AND (IS-FUNCTION F) (IS-FUNCTION G))
 (= (IS-FUNCTION (OVERRIDE F G)) (TRUE)))
APPLY-OVERRIDE
Beginning proof of APPLY-OVERRIDE ...
(IMPLIES
 (AND (IS-FUNCTION F) (IS-FUNCTION G)
  (OR (IN X (REL!DOM F)) (IN X (REL!DOM G))))
 (= (APPLY (OVERRIDE F G) X) (IF (IN X (REL!DOM G)) (APPLY G X) (APPLY F X))))
DOM-OVERRIDE
Beginning proof of DOM-OVERRIDE ...
(= (REL!DOM (OVERRIDE F G)) (UNION (REL!DOM F) (REL!DOM G)))
RAN-OVERRIDE
Beginning proof of RAN-OVERRIDE ...
(SUBSET (REL!RAN (OVERRIDE F G)) (UNION (REL!RAN F) (REL!RAN G)))
OVERRIDE-IDEMPOTENT
Beginning proof of OVERRIDE-IDEMPOTENT ...
(= (OVERRIDE F F) F)
OVERRIDE-ASSOCIATIVE
Beginning proof of OVERRIDE-ASSOCIATIVE ...
(= (OVERRIDE (OVERRIDE F G) H) (OVERRIDE F (OVERRIDE G H)))
OVERRIDE-NULLSET-LEFT
Beginning proof of OVERRIDE-NULLSET-LEFT ...
(= (OVERRIDE (NULLSET) F) F)
OVERRIDE-NULLSET-RIGHT
Beginning proof of OVERRIDE-NULLSET-RIGHT ...
(IMPLIES (REL!IS-RELATION F) (= (OVERRIDE F (NULLSET)) F))
FUN
IN-FUN
Beginning proof of IN-FUN ...
(= (IN F (FUN X Y))
 (AND (IS-FUNCTION F) (= (REL!DOM F) X) (SUBSET (REL!RAN F) Y)))
IN-FUN-1
Beginning proof of IN-FUN-1 ...
(= (IN F (FUN X Y))
 (AND (IS-FUNCTION F) (= (REL!DOM F) X)
  (ALL (Z) (IMPLIES (IN Z X) (IN (APPLY F Z) Y)))))
PFUN
IN-PFUN
Beginning proof of IN-PFUN ...
(= (IN F (PFUN X Y))
 (AND (IS-FUNCTION F) (SUBSET (REL!DOM F) X) (SUBSET (REL!RAN F) Y)))
IN-PFUN-1
Beginning proof of IN-PFUN-1 ...
(= (IN F (PFUN X Y))
 (AND (IS-FUNCTION F) (SUBSET (REL!DOM F) X)
  (ALL (Z) (IMPLIES (IN Z (REL!DOM F)) (IN (APPLY F Z) Y)))))
SURJ
IN-SURJ
Beginning proof of IN-SURJ ...
(= (IN F (SURJ X Y)) (AND (IS-FUNCTION F) (= (REL!DOM F) X) (= (REL!RAN F) Y)))
PSURJ
IN-PSURJ
Beginning proof of IN-PSURJ ...
(= (IN F (PSURJ X Y))
 (AND (IS-FUNCTION F) (SUBSET (REL!DOM F) X) (= (REL!RAN F) Y)))
INJ
IN-INJ
Beginning proof of IN-INJ ...
(= (IN F (INJ X Y))
 (AND (IS-FUNCTION F) (IS-FUNCTION (REL!INVERSE F)) (= (REL!DOM F) X)
  (SUBSET (REL!RAN F) Y)))
PINJ
IN-PINJ
Beginning proof of IN-PINJ ...
(= (IN F (PINJ X Y))
 (AND (IS-FUNCTION F) (IS-FUNCTION (REL!INVERSE F)) (SUBSET (REL!DOM F) X)
  (SUBSET (REL!RAN F) Y)))
BIJ
IN-BIJ
Beginning proof of IN-BIJ ...
(= (IN F (BIJ X Y))
 (AND (IS-FUNCTION F) (IS-FUNCTION (REL!INVERSE F)) (= (REL!DOM F) X)
  (= (REL!RAN F) Y)))
PFUN-NULLSET-LEFT
Beginning proof of PFUN-NULLSET-LEFT ...
(= (PFUN (NULLSET) X) (UNIT (NULLSET)))
PFUN-NULLSET-RIGHT
Beginning proof of PFUN-NULLSET-RIGHT ...
(= (PFUN X (NULLSET)) (UNIT (NULLSET)))
FUN-NULLSET-LEFT
Beginning proof of FUN-NULLSET-LEFT ...
(= (FUN (NULLSET) X) (UNIT (NULLSET)))
FUN-NULLSET-RIGHT
Beginning proof of FUN-NULLSET-RIGHT ...
(= (FUN X (NULLSET)) (IF (= X (NULLSET)) (UNIT (NULLSET)) (NULLSET)))
SURJ-NULLSET-LEFT
Beginning proof of SURJ-NULLSET-LEFT ...
(= (SURJ (NULLSET) X) (IF (= X (NULLSET)) (UNIT (NULLSET)) (NULLSET)))
SURJ-NULLSET-RIGHT
Beginning proof of SURJ-NULLSET-RIGHT ...
(= (SURJ X (NULLSET)) (IF (= X (NULLSET)) (UNIT (NULLSET)) (NULLSET)))
PSURJ-NULLSET-LEFT
Beginning proof of PSURJ-NULLSET-LEFT ...
(= (PSURJ (NULLSET) X) (IF (= X (NULLSET)) (UNIT (NULLSET)) (NULLSET)))
PSURJ-NULLSET-RIGHT
Beginning proof of PSURJ-NULLSET-RIGHT ...
(= (PSURJ X (NULLSET)) (UNIT (NULLSET)))
PINJ-NULLSET-LEFT
Beginning proof of PINJ-NULLSET-LEFT ...
(= (PINJ (NULLSET) X) (UNIT (NULLSET)))
PINJ-NULLSET-RIGHT
Beginning proof of PINJ-NULLSET-RIGHT ...
(= (PINJ X (NULLSET)) (UNIT (NULLSET)))
INJ-NULLSET-LEFT
Beginning proof of INJ-NULLSET-LEFT ...
(= (INJ (NULLSET) X) (UNIT (NULLSET)))
INJ-NULLSET-RIGHT
Beginning proof of INJ-NULLSET-RIGHT ...
(= (INJ X (NULLSET)) (IF (= X (NULLSET)) (UNIT (NULLSET)) (NULLSET)))
BIJ-NULLSET-LEFT
Beginning proof of BIJ-NULLSET-LEFT ...
(= (BIJ (NULLSET) X) (IF (= X (NULLSET)) (UNIT (NULLSET)) (NULLSET)))
BIJ-NULLSET-RIGHT
Beginning proof of BIJ-NULLSET-RIGHT ...
(= (BIJ X (NULLSET)) (IF (= X (NULLSET)) (UNIT (NULLSET)) (NULLSET)))
Done.