
Reading "/home/sentot/zk/version1/ZK/examples/pairfnspec.ver"
Warning RULE-LOOPS for FN!FUNCTION-EXTENSIONALITY:
 The rule FN!FUNCTION-EXTENSIONALITY loops upon itself.
JOIN
IN-JOIN
Beginning proof of IN-JOIN ...
(= (IN X (JOIN R S))
 (AND (PAIR!IS-PAIR X) (PAIR!IS-PAIR (PAIR!SND X))
  (IN (PAIR!PAIR (PAIR!FST X) (PAIR!FST (PAIR!SND X))) R)
  (IN (PAIR!PAIR (PAIR!FST X) (PAIR!SND (PAIR!SND X))) S)))
DOM-JOIN
Beginning proof of DOM-JOIN ...
(= (REL!DOM (JOIN R S)) (INTER (REL!DOM R) (REL!DOM S)))
IS-RELATION-JOIN
Beginning proof of IS-RELATION-JOIN ...
(= (REL!IS-RELATION (JOIN F G)) (TRUE))
IS-FUNCTION-JOIN
Beginning proof of IS-FUNCTION-JOIN ...
(IMPLIES (AND (FN!IS-FUNCTION F) (FN!IS-FUNCTION G))
 (= (FN!IS-FUNCTION (JOIN F G)) (TRUE)))
APPLY-JOIN-FUNCTIONS
Beginning proof of APPLY-JOIN-FUNCTIONS ...
(IMPLIES
 (AND (FN!IS-FUNCTION F) (FN!IS-FUNCTION G) (IN X (REL!DOM (JOIN F G))))
 (= (FN!APPLY (JOIN F G) X) (PAIR!PAIR (FN!APPLY F X) (FN!APPLY G X))))
RAN-JOIN
Beginning proof of RAN-JOIN ...
(= (REL!RAN (JOIN R S)) (REL!COMP (REL!INVERSE R) S))
COMP-JOIN
Beginning proof of COMP-JOIN ...
(IMPLIES (FN!IS-FUNCTION R)
 (= (REL!COMP R (JOIN S T)) (JOIN (REL!COMP R S) (REL!COMP R T))))
FST-FN
IS-RELATION-FST-FN
Beginning proof of IS-RELATION-FST-FN ...
(= (REL!IS-RELATION (FST-FN A B)) (TRUE))
IS-FUNCTION-FST-FN
Beginning proof of IS-FUNCTION-FST-FN ...
(= (FN!IS-FUNCTION (FST-FN A B)) (TRUE))
DOM-FST-FN
Beginning proof of DOM-FST-FN ...
(= (REL!DOM (FST-FN A B)) (PAIR!CROSS A B))
RAN-FST-FN
Beginning proof of RAN-FST-FN ...
(= (REL!RAN (FST-FN A B)) (IF (= B (NULLSET)) (NULLSET) A))
APPLY-FST-FN
Beginning proof of APPLY-FST-FN ...
(IMPLIES (IN X (PAIR!CROSS A B)) (= (FN!APPLY (FST-FN A B) X) (PAIR!FST X)))
PRE-IMAGE-FST-FN
Beginning proof of PRE-IMAGE-FST-FN ...
(= (REL!IMAGE (REL!INVERSE (FST-FN A B)) X) (PAIR!CROSS (INTER A X) B))
SND-FN
IS-RELATION-SND-FN
Beginning proof of IS-RELATION-SND-FN ...
(= (REL!IS-RELATION (SND-FN A B)) (TRUE))
IS-FUNCTION-SND-FN
Beginning proof of IS-FUNCTION-SND-FN ...
(= (FN!IS-FUNCTION (SND-FN A B)) (TRUE))
DOM-SND-FN
Beginning proof of DOM-SND-FN ...
(= (REL!DOM (SND-FN A B)) (PAIR!CROSS A B))
RAN-SND-FN
Beginning proof of RAN-SND-FN ...
(= (REL!RAN (SND-FN A B)) (IF (= A (NULLSET)) (NULLSET) B))
APPLY-SND-FN
Beginning proof of APPLY-SND-FN ...
(IMPLIES (IN X (PAIR!CROSS A B)) (= (FN!APPLY (SND-FN A B) X) (PAIR!SND X)))
PRE-IMAGE-SND-FN
Beginning proof of PRE-IMAGE-SND-FN ...
(= (REL!IMAGE (REL!INVERSE (SND-FN A B)) X) (PAIR!CROSS A (INTER B X)))
JOIN-FST-SND
Beginning proof of JOIN-FST-SND ...
(= (JOIN (FST-FN A B) (SND-FN A B)) (REL!ID (PAIR!CROSS A B)))
SWAP-FN
IS-RELATION-SWAP-FN
Beginning proof of IS-RELATION-SWAP-FN ...
(= (REL!IS-RELATION (SWAP-FN A B)) (TRUE))
IS-FUNCTION-SWAP-FN
Beginning proof of IS-FUNCTION-SWAP-FN ...
(= (FN!IS-FUNCTION (SWAP-FN A B)) (TRUE))
DOM-SWAP-FN
Beginning proof of DOM-SWAP-FN ...
(= (REL!DOM (SWAP-FN A B)) (PAIR!CROSS A B))
RAN-SWAP-FN
Beginning proof of RAN-SWAP-FN ...
(= (REL!RAN (SWAP-FN A B)) (PAIR!CROSS B A))
APPLY-SWAP-FN
Beginning proof of APPLY-SWAP-FN ...
(IMPLIES (IN X (PAIR!CROSS A B))
 (= (FN!APPLY (SWAP-FN A B) X) (REL!FLIP-PAIR X)))
INVERSE-SWAP-FN
Beginning proof of INVERSE-SWAP-FN ...
(= (REL!INVERSE (SWAP-FN A B)) (SWAP-FN B A))
COMP-SWAP-SWAP
Beginning proof of COMP-SWAP-SWAP ...
(= (REL!COMP (SWAP-FN A B) (SWAP-FN C D))
 (REL!ID (PAIR!CROSS (INTER A D) (INTER B C))))
COMP-SWAP-FST
Beginning proof of COMP-SWAP-FST ...
(= (REL!COMP (SWAP-FN A B) (FST-FN C D)) (SND-FN (INTER A D) (INTER B C)))
COMP-SWAP-SND
Beginning proof of COMP-SWAP-SND ...
(= (REL!COMP (SWAP-FN A B) (SND-FN C D)) (FST-FN (INTER A D) (INTER B C)))
IMAGE-SWAP
Beginning proof of IMAGE-SWAP ...
(= (REL!IMAGE (SWAP-FN A B) X) (INTER (PAIR!CROSS B A) (REL!INVERSE X)))
TWIST
UNTWIST
UNTWIST-TWIST
Beginning proof of UNTWIST-TWIST ...
(IMPLIES (AND (PAIR!IS-PAIR X) (PAIR!IS-PAIR (PAIR!FST X)))
 (= (UNTWIST (TWIST X)) X))
TWIST-UNTWIST
Beginning proof of TWIST-UNTWIST ...
(IMPLIES (AND (PAIR!IS-PAIR X) (PAIR!IS-PAIR (PAIR!SND X)))
 (= (TWIST (UNTWIST X)) X))
TWIST-FN
IS-RELATION-TWIST-FN
Beginning proof of IS-RELATION-TWIST-FN ...
(= (REL!IS-RELATION (TWIST-FN A B C)) (TRUE))
IS-FUNCTION-TWIST-FN
Beginning proof of IS-FUNCTION-TWIST-FN ...
(= (FN!IS-FUNCTION (TWIST-FN A B C)) (TRUE))
DOM-TWIST-FN
Beginning proof of DOM-TWIST-FN ...
(= (REL!DOM (TWIST-FN A B C)) (PAIR!CROSS (PAIR!CROSS A B) C))
RAN-TWIST-FN
Beginning proof of RAN-TWIST-FN ...
(= (REL!RAN (TWIST-FN A B C)) (PAIR!CROSS A (PAIR!CROSS B C)))
APPLY-TWIST-FN
Beginning proof of APPLY-TWIST-FN ...
(IMPLIES (IN X (PAIR!CROSS (PAIR!CROSS A B) C))
 (= (FN!APPLY (TWIST-FN A B C) X) (TWIST X)))
IS-FUNCTION-INVERSE-TWIST-FN
Beginning proof of IS-FUNCTION-INVERSE-TWIST-FN ...
(= (FN!IS-FUNCTION (REL!INVERSE (TWIST-FN A B C))) (TRUE))
APPLY-INVERSE-TWIST-FN
Beginning proof of APPLY-INVERSE-TWIST-FN ...
(IMPLIES (IN X (PAIR!CROSS A (PAIR!CROSS B C)))
 (= (FN!APPLY (REL!INVERSE (TWIST-FN A B C)) X) (UNTWIST X)))
Done.