
Reading "/home/sentot/zk/version1/ZK/examples/relspec.ver"
IS-RELATION
IS-RELATION-BOOL
Beginning proof of IS-RELATION-BOOL ...
(= (TYPE-OF (IS-RELATION R)) (BOOL))
IS-RELATION-MONOTONIC
Beginning proof of IS-RELATION-MONOTONIC ...
(IMPLIES (AND (IS-RELATION Y) (SUBSET X Y)) (IS-RELATION X))
IS-RELATION-NULLSET
Beginning proof of IS-RELATION-NULLSET ...
(= (IS-RELATION (NULLSET)) (TRUE))
IS-RELATION-UNIT
Beginning proof of IS-RELATION-UNIT ...
(= (IS-RELATION (UNIT X)) (PAIR!IS-PAIR X))
IS-RELATION-UNION
Beginning proof of IS-RELATION-UNION ...
(= (IS-RELATION (UNION X Y)) (AND (IS-RELATION X) (IS-RELATION Y)))
IS-RELATION-CUP
Beginning proof of IS-RELATION-CUP ...
(= (IS-RELATION (CUP X)) (ALL (Y) (IMPLIES (IN Y X) (IS-RELATION Y))))
IS-RELATION-CUP-1
Beginning proof of IS-RELATION-CUP-1 ...
(IMPLIES (ALL (Y) (IMPLIES (IN Y X) (IS-RELATION Y)))
 (= (IS-RELATION (CUP X)) (TRUE)))
IS-RELATION-SETADD
Beginning proof of IS-RELATION-SETADD ...
(= (IS-RELATION (SETADD X Y)) (AND (PAIR!IS-PAIR X) (IS-RELATION Y)))
IS-RELATION-INTER
Beginning proof of IS-RELATION-INTER ...
(IMPLIES (OR (IS-RELATION X) (IS-RELATION Y))
 (= (IS-RELATION (INTER X Y)) (TRUE)))
IS-RELATION-DIFF
Beginning proof of IS-RELATION-DIFF ...
(IMPLIES (IS-RELATION X) (= (IS-RELATION (DIFF X Y)) (TRUE)))
IS-RELATION-DELTA
Beginning proof of IS-RELATION-DELTA ...
(IMPLIES (AND (IS-RELATION X) (IS-RELATION Y))
 (= (IS-RELATION (DELTA X Y)) (TRUE)))
IS-RELATION-CROSS
Beginning proof of IS-RELATION-CROSS ...
(= (IS-RELATION (PAIR!CROSS X Y)) (TRUE))
DOM
IN-DOM
Beginning proof of IN-DOM ...
(= (IN A (DOM X)) (SOME (B) (IN (PAIR!PAIR A B) X)))
IN-DOM-1
Beginning proof of IN-DOM-1 ...
(IMPLIES (IN (PAIR!PAIR A B) X) (= (IN A (DOM X)) (TRUE)))
DOM-NULLSET
Beginning proof of DOM-NULLSET ...
(= (DOM (NULLSET)) (NULLSET))
DOM-UNIT
Beginning proof of DOM-UNIT ...
(= (DOM (UNIT X)) (IF (PAIR!IS-PAIR X) (UNIT (PAIR!FST X)) (NULLSET)))
DOM-UNION
Beginning proof of DOM-UNION ...
(= (DOM (UNION X Y)) (UNION (DOM X) (DOM Y)))
DOM-SETADD
Beginning proof of DOM-SETADD ...
(= (DOM (SETADD X Y))
 (IF (PAIR!IS-PAIR X) (SETADD (PAIR!FST X) (DOM Y)) (DOM Y)))
DOM-CROSS
Beginning proof of DOM-CROSS ...
(= (DOM (PAIR!CROSS X Y)) (IF (= Y (NULLSET)) (NULLSET) X))
DOM-SUBSET
Beginning proof of DOM-SUBSET ...
(IMPLIES (SUBSET X Y) (= (SUBSET (DOM X) (DOM Y)) (TRUE)))
RAN
IN-RAN
Beginning proof of IN-RAN ...
(= (IN B (RAN X)) (SOME (A) (IN (PAIR!PAIR A B) X)))
IN-RAN-1
Beginning proof of IN-RAN-1 ...
(IMPLIES (IN (PAIR!PAIR A B) X) (= (IN B (RAN X)) (TRUE)))
RAN-NULLSET
Beginning proof of RAN-NULLSET ...
(= (RAN (NULLSET)) (NULLSET))
RAN-UNIT
Beginning proof of RAN-UNIT ...
(= (RAN (UNIT X)) (IF (PAIR!IS-PAIR X) (UNIT (PAIR!SND X)) (NULLSET)))
RAN-UNION
Beginning proof of RAN-UNION ...
(= (RAN (UNION X Y)) (UNION (RAN X) (RAN Y)))
RAN-SETADD
Beginning proof of RAN-SETADD ...
(= (RAN (SETADD X Y))
 (IF (PAIR!IS-PAIR X) (SETADD (PAIR!SND X) (RAN Y)) (RAN Y)))
RAN-CROSS
Beginning proof of RAN-CROSS ...
(= (RAN (PAIR!CROSS X Y)) (IF (= X (NULLSET)) (NULLSET) Y))
RAN-SUBSET
Beginning proof of RAN-SUBSET ...
(IMPLIES (SUBSET X Y) (= (SUBSET (RAN X) (RAN Y)) (TRUE)))
DOM-NULL-IFF-RAN-NULL
Beginning proof of DOM-NULL-IFF-RAN-NULL ...
(= (= (DOM X) (NULLSET)) (= (RAN X) (NULLSET)))
SUBSET-CROSS
Beginning proof of SUBSET-CROSS ...
(= (SUBSET A (PAIR!CROSS X Y))
 (AND (IS-RELATION A) (SUBSET (DOM A) X) (SUBSET (RAN A) Y)))
FLIP-PAIR
FLIP-PAIR-IS-INVOLUTION
Beginning proof of FLIP-PAIR-IS-INVOLUTION ...
(= (FLIP-PAIR (FLIP-PAIR X)) X)
FST-FLIP-PAIR
Beginning proof of FST-FLIP-PAIR ...
(IMPLIES (PAIR!IS-PAIR X) (= (PAIR!FST (FLIP-PAIR X)) (PAIR!SND X)))
SND-FLIP-PAIR
Beginning proof of SND-FLIP-PAIR ...
(IMPLIES (PAIR!IS-PAIR X) (= (PAIR!SND (FLIP-PAIR X)) (PAIR!FST X)))
IS-PAIR-FLIP-PAIR
Beginning proof of IS-PAIR-FLIP-PAIR ...
(= (PAIR!IS-PAIR (FLIP-PAIR X)) (PAIR!IS-PAIR X))
FLIP-PAIR-PAIR
Beginning proof of FLIP-PAIR-PAIR ...
(= (FLIP-PAIR (PAIR!PAIR X Y)) (PAIR!PAIR Y X))
INVERSE
IN-INVERSE
Beginning proof of IN-INVERSE ...
(= (IN X (INVERSE R)) (IN (FLIP-PAIR X) R))
INVERSE-INVERSE
Beginning proof of INVERSE-INVERSE ...
(= (INVERSE (INVERSE X)) X)
INVERSE-NULLSET
Beginning proof of INVERSE-NULLSET ...
(= (INVERSE (NULLSET)) (NULLSET))
INVERSE-UNIT
Beginning proof of INVERSE-UNIT ...
(= (INVERSE (UNIT X)) (UNIT (FLIP-PAIR X)))
INVERSE-UNION
Beginning proof of INVERSE-UNION ...
(= (INVERSE (UNION X Y)) (UNION (INVERSE X) (INVERSE Y)))
INVERSE-SETADD
Beginning proof of INVERSE-SETADD ...
(= (INVERSE (SETADD X Y)) (SETADD (FLIP-PAIR X) (INVERSE Y)))
INVERSE-INTERSECTION
Beginning proof of INVERSE-INTERSECTION ...
(= (INVERSE (INTER X Y)) (INTER (INVERSE X) (INVERSE Y)))
INVERSE-DIFF
Beginning proof of INVERSE-DIFF ...
(= (INVERSE (DIFF X Y)) (DIFF (INVERSE X) (INVERSE Y)))
INVERSE-CROSS
Beginning proof of INVERSE-CROSS ...
(= (INVERSE (PAIR!CROSS X Y)) (PAIR!CROSS Y X))
SUBSET-INVERSE-INVERSE
Beginning proof of SUBSET-INVERSE-INVERSE ...
(= (SUBSET (INVERSE X) (INVERSE Y)) (SUBSET X Y))
=-INVERSE-INVERSE
Beginning proof of =-INVERSE-INVERSE ...
(= (= (INVERSE X) (INVERSE Y)) (= X Y))
IS-RELATION-INVERSE
Beginning proof of IS-RELATION-INVERSE ...
(= (IS-RELATION (INVERSE X)) (IS-RELATION X))
DOM-INVERSE
Beginning proof of DOM-INVERSE ...
(= (DOM (INVERSE R)) (RAN R))
RAN-INVERSE
Beginning proof of RAN-INVERSE ...
(= (RAN (INVERSE R)) (DOM R))
IMAGE
IN-IMAGE
Beginning proof of IN-IMAGE ...
(= (IN Y (IMAGE R X)) (SOME (Z) (AND (IN Z X) (IN (PAIR!PAIR Z Y) R))))
IMAGE-OF-NULLSET
Beginning proof of IMAGE-OF-NULLSET ...
(= (IMAGE R (NULLSET)) (NULLSET))
IMAGE-THROUGH-NULLSET
Beginning proof of IMAGE-THROUGH-NULLSET ...
(= (IMAGE (NULLSET) X) (NULLSET))
IMAGE-OF-UNION
Beginning proof of IMAGE-OF-UNION ...
(= (IMAGE R (UNION X Y)) (UNION (IMAGE R X) (IMAGE R Y)))
IMAGE-THROUGH-UNION
Beginning proof of IMAGE-THROUGH-UNION ...
(= (IMAGE (UNION R S) X) (UNION (IMAGE R X) (IMAGE S X)))
IMAGE-DOM
Beginning proof of IMAGE-DOM ...
(= (IMAGE R (DOM R)) (RAN R))
IMAGE-CROSS
Beginning proof of IMAGE-CROSS ...
(= (IMAGE (PAIR!CROSS X Y) Z) (IF (= (INTER Z X) (NULLSET)) (NULLSET) Y))
IMAGE-MONOTONIC
Beginning proof of IMAGE-MONOTONIC ...
(IMPLIES (AND (SUBSET X Y) (SUBSET R S))
 (= (SUBSET (IMAGE R X) (IMAGE S Y)) (TRUE)))
IMAGE-SUBSET-RAN
Beginning proof of IMAGE-SUBSET-RAN ...
(SUBSET (IMAGE R X) (RAN R))
IMAGE-OF-SUPERSET-OF-DOM
Beginning proof of IMAGE-OF-SUPERSET-OF-DOM ...
(IMPLIES (SUBSET (DOM R) X) (= (IMAGE R X) (RAN R)))
COMP
IN-COMP
Beginning proof of IN-COMP ...
(= (IN X (COMP R S))
 (AND (PAIR!IS-PAIR X)
  (SOME (Y)
   (AND (IN (PAIR!PAIR (PAIR!FST X) Y) R) (IN (PAIR!PAIR Y (PAIR!SND X)) S)))))
IS-RELATION-COMP
Beginning proof of IS-RELATION-COMP ...
(= (IS-RELATION (COMP R S)) (TRUE))
INVERSE-COMP
Beginning proof of INVERSE-COMP ...
(= (INVERSE (COMP R S)) (COMP (INVERSE S) (INVERSE R)))
DOM-COMP
Beginning proof of DOM-COMP ...
(= (DOM (COMP R S)) (IMAGE (INVERSE R) (DOM S)))
RAN-COMP
Beginning proof of RAN-COMP ...
(= (RAN (COMP R S)) (IMAGE S (RAN R)))
IMAGE-COMP
Beginning proof of IMAGE-COMP ...
(= (IMAGE (COMP R S) X) (IMAGE S (IMAGE R X)))
COMP-NULLSET-LEFT
Beginning proof of COMP-NULLSET-LEFT ...
(= (COMP (NULLSET) R) (NULLSET))
COMP-NULLSET-RIGHT
Beginning proof of COMP-NULLSET-RIGHT ...
(= (COMP R (NULLSET)) (NULLSET))
COMP-ASSOCIATIVE
Beginning proof of COMP-ASSOCIATIVE ...
(= (COMP (COMP R S) T) (COMP R (COMP S T)))
COMP-MONOTONIC
Beginning proof of COMP-MONOTONIC ...
(IMPLIES (AND (SUBSET A C) (SUBSET B D))
 (= (SUBSET (COMP A B) (COMP C D)) (TRUE)))
DOM-RESTRICT
IN-DOM-RESTRICT
Beginning proof of IN-DOM-RESTRICT ...
(= (IN X (DOM-RESTRICT Y R))
 (AND (PAIR!IS-PAIR X) (IN X R) (IN (PAIR!FST X) Y)))
RAN-RESTRICT
IN-RAN-RESTRICT
Beginning proof of IN-RAN-RESTRICT ...
(= (IN X (RAN-RESTRICT R Y))
 (AND (PAIR!IS-PAIR X) (IN X R) (IN (PAIR!SND X) Y)))
DOM-RESTRICT-SUBSET
Beginning proof of DOM-RESTRICT-SUBSET ...
(SUBSET (DOM-RESTRICT X R) R)
RAN-RESTRICT-SUBSET
Beginning proof of RAN-RESTRICT-SUBSET ...
(SUBSET (RAN-RESTRICT R X) R)
IS-RELATION-DOM-RESTRICT
Beginning proof of IS-RELATION-DOM-RESTRICT ...
(= (IS-RELATION (DOM-RESTRICT X R)) (TRUE))
IS-RELATION-RAN-RESTRICT
Beginning proof of IS-RELATION-RAN-RESTRICT ...
(= (IS-RELATION (RAN-RESTRICT R X)) (TRUE))
INVERSE-DOM-RESTRICT
Beginning proof of INVERSE-DOM-RESTRICT ...
(= (INVERSE (DOM-RESTRICT X R)) (RAN-RESTRICT (INVERSE R) X))
INVERSE-RAN-RESTRICT
Beginning proof of INVERSE-RAN-RESTRICT ...
(= (INVERSE (RAN-RESTRICT R X)) (DOM-RESTRICT X (INVERSE R)))
DOM-DOM-RESTRICT
Beginning proof of DOM-DOM-RESTRICT ...
(= (DOM (DOM-RESTRICT X R)) (INTER X (DOM R)))
RAN-DOM-RESTRICT
Beginning proof of RAN-DOM-RESTRICT ...
(= (RAN (DOM-RESTRICT X R)) (IMAGE R X))
DOM-RESTRICT-IGNORES-OFF-DOMAIN
Beginning proof of DOM-RESTRICT-IGNORES-OFF-DOMAIN ...
(= (DOM-RESTRICT X R) (DOM-RESTRICT (INTER X (DOM R)) R))
RAN-RESTRICT-IGNORES-OFF-RAN
Beginning proof of RAN-RESTRICT-IGNORES-OFF-RAN ...
(= (RAN-RESTRICT R X) (RAN-RESTRICT R (INTER X (RAN R))))
DOM-RAN-RESTRICT
Beginning proof of DOM-RAN-RESTRICT ...
(= (DOM (RAN-RESTRICT R X)) (IMAGE (INVERSE R) X))
RAN-RAN-RESTRICT
Beginning proof of RAN-RAN-RESTRICT ...
(= (RAN (RAN-RESTRICT R X)) (INTER (RAN R) X))
RAN-RESTRICT-DOM-RESTRICT
Beginning proof of RAN-RESTRICT-DOM-RESTRICT ...
(= (RAN-RESTRICT (DOM-RESTRICT X R) Y) (DOM-RESTRICT X (RAN-RESTRICT R Y)))
DOM-RESTRICT-DOM-RESTRICT
Beginning proof of DOM-RESTRICT-DOM-RESTRICT ...
(= (DOM-RESTRICT X (DOM-RESTRICT Y R)) (DOM-RESTRICT (INTER X Y) R))
RAN-RESTRICT-RAN-RESTRICT
Beginning proof of RAN-RESTRICT-RAN-RESTRICT ...
(= (RAN-RESTRICT (RAN-RESTRICT R X) Y) (RAN-RESTRICT R (INTER X Y)))
DOM-RESTRICT-BY-NULLSET
Beginning proof of DOM-RESTRICT-BY-NULLSET ...
(= (DOM-RESTRICT (NULLSET) R) (NULLSET))
DOM-RESTRICT-NULLSET
Beginning proof of DOM-RESTRICT-NULLSET ...
(= (DOM-RESTRICT X (NULLSET)) (NULLSET))
RAN-RESTRICT-BY-NULLSET
Beginning proof of RAN-RESTRICT-BY-NULLSET ...
(= (RAN-RESTRICT R (NULLSET)) (NULLSET))
RAN-RESTRICT-NULLSET
Beginning proof of RAN-RESTRICT-NULLSET ...
(= (RAN-RESTRICT (NULLSET) X) (NULLSET))
DOM-RESTRICT-UNION
Beginning proof of DOM-RESTRICT-UNION ...
(= (DOM-RESTRICT X (UNION R S)) (UNION (DOM-RESTRICT X R) (DOM-RESTRICT X S)))
RAN-RESTRICT-UNION
Beginning proof of RAN-RESTRICT-UNION ...
(= (RAN-RESTRICT (UNION R S) X) (UNION (RAN-RESTRICT R X) (RAN-RESTRICT S X)))
DOM-RESTRICT-UNIT
Beginning proof of DOM-RESTRICT-UNIT ...
(= (DOM-RESTRICT X (UNIT Y))
 (IF (AND (PAIR!IS-PAIR Y) (IN (PAIR!FST Y) X)) (UNIT Y) (NULLSET)))
RAN-RESTRICT-UNIT
Beginning proof of RAN-RESTRICT-UNIT ...
(= (RAN-RESTRICT (UNIT X) Y)
 (IF (AND (PAIR!IS-PAIR X) (IN (PAIR!SND X) Y)) (UNIT X) (NULLSET)))
IMAGE-DOM-RESTRICT
Beginning proof of IMAGE-DOM-RESTRICT ...
(= (IMAGE (DOM-RESTRICT X R) Y) (IMAGE R (INTER X Y)))
IMAGE-RAN-RESTRICT
Beginning proof of IMAGE-RAN-RESTRICT ...
(= (IMAGE (RAN-RESTRICT R X) Y) (INTER (IMAGE R Y) X))
DOM-RESTRICT-BY-SUPERSET-DOM
Beginning proof of DOM-RESTRICT-BY-SUPERSET-DOM ...
(IMPLIES (AND (IS-RELATION R) (SUBSET (DOM R) X)) (= (DOM-RESTRICT X R) R))
RAN-RESTRICT-BY-SUPERSET-RAN
Beginning proof of RAN-RESTRICT-BY-SUPERSET-RAN ...
(IMPLIES (AND (IS-RELATION R) (SUBSET (RAN R) X)) (= (RAN-RESTRICT R X) R))
DOM-REMOVE
IN-DOM-REMOVE
Beginning proof of IN-DOM-REMOVE ...
(= (IN X (DOM-REMOVE Y R))
 (AND (PAIR!IS-PAIR X) (IN X R) (NOT (IN (PAIR!FST X) Y))))
RAN-REMOVE
IN-RAN-REMOVE
Beginning proof of IN-RAN-REMOVE ...
(= (IN X (RAN-REMOVE R Y))
 (AND (PAIR!IS-PAIR X) (IN X R) (NOT (IN (PAIR!SND X) Y))))
DOM-REMOVE-SUBSET
Beginning proof of DOM-REMOVE-SUBSET ...
(SUBSET (DOM-REMOVE X R) R)
RAN-REMOVE-SUBSET
Beginning proof of RAN-REMOVE-SUBSET ...
(SUBSET (RAN-REMOVE R X) R)
IS-RELATION-DOM-REMOVE
Beginning proof of IS-RELATION-DOM-REMOVE ...
(= (IS-RELATION (DOM-REMOVE X R)) (TRUE))
IS-RELATION-RAN-REMOVE
Beginning proof of IS-RELATION-RAN-REMOVE ...
(= (IS-RELATION (RAN-REMOVE R X)) (TRUE))
INVERSE-DOM-REMOVE
Beginning proof of INVERSE-DOM-REMOVE ...
(= (INVERSE (DOM-REMOVE X R)) (RAN-REMOVE (INVERSE R) X))
INVERSE-RAN-REMOVE
Beginning proof of INVERSE-RAN-REMOVE ...
(= (INVERSE (RAN-REMOVE R X)) (DOM-REMOVE X (INVERSE R)))
DOM-DOM-REMOVE
Beginning proof of DOM-DOM-REMOVE ...
(= (DOM (DOM-REMOVE X R)) (DIFF (DOM R) X))
RAN-DOM-REMOVE
Beginning proof of RAN-DOM-REMOVE ...
(SUBSET (DIFF (RAN R) (IMAGE R X)) (RAN (DOM-REMOVE X R)))
RAN-RAN-REMOVE
Beginning proof of RAN-RAN-REMOVE ...
(= (RAN (RAN-REMOVE R X)) (DIFF (RAN R) X))
DOM-RAN-REMOVE
Beginning proof of DOM-RAN-REMOVE ...
(SUBSET (DIFF (DOM R) (IMAGE (INVERSE R) X)) (DOM (RAN-REMOVE R X)))
DOM-REMOVE-IGNORES-OFF-DOMAIN
Beginning proof of DOM-REMOVE-IGNORES-OFF-DOMAIN ...
(= (DOM-REMOVE X R) (DOM-REMOVE (INTER X (DOM R)) R))
RAN-REMOVE-IGNORES-OFF-RAN
Beginning proof of RAN-REMOVE-IGNORES-OFF-RAN ...
(= (RAN-REMOVE R X) (RAN-REMOVE R (INTER X (RAN R))))
RAN-REMOVE-DOM-REMOVE
Beginning proof of RAN-REMOVE-DOM-REMOVE ...
(= (RAN-REMOVE (DOM-REMOVE X R) Y) (DOM-REMOVE X (RAN-REMOVE R Y)))
RAN-REMOVE-DOM-RESTRICT
Beginning proof of RAN-REMOVE-DOM-RESTRICT ...
(= (RAN-REMOVE (DOM-RESTRICT X R) Y) (DOM-RESTRICT X (RAN-REMOVE R Y)))
RAN-RESTRICT-DOM-REMOVE
Beginning proof of RAN-RESTRICT-DOM-REMOVE ...
(= (RAN-RESTRICT (DOM-REMOVE X R) Y) (DOM-REMOVE X (RAN-RESTRICT R Y)))
DOM-REMOVE-DOM-REMOVE
Beginning proof of DOM-REMOVE-DOM-REMOVE ...
(= (DOM-REMOVE X (DOM-REMOVE Y R)) (DOM-REMOVE (UNION X Y) R))
DOM-REMOVE-DOM-RESTRICT
Beginning proof of DOM-REMOVE-DOM-RESTRICT ...
(= (DOM-REMOVE X (DOM-RESTRICT Y R)) (DOM-RESTRICT (DIFF Y X) R))
DOM-RESTRICT-DOM-REMOVE
Beginning proof of DOM-RESTRICT-DOM-REMOVE ...
(= (DOM-RESTRICT X (DOM-REMOVE Y R)) (DOM-RESTRICT (DIFF X Y) R))
RAN-REMOVE-RAN-REMOVE
Beginning proof of RAN-REMOVE-RAN-REMOVE ...
(= (RAN-REMOVE (RAN-REMOVE R X) Y) (RAN-REMOVE R (UNION X Y)))
RAN-REMOVE-RAN-RESTRICT
Beginning proof of RAN-REMOVE-RAN-RESTRICT ...
(= (RAN-REMOVE (RAN-RESTRICT R X) Y) (RAN-RESTRICT R (DIFF X Y)))
RAN-RESTRICT-RAN-REMOVE
Beginning proof of RAN-RESTRICT-RAN-REMOVE ...
(= (RAN-RESTRICT (RAN-REMOVE R X) Y) (RAN-RESTRICT R (DIFF Y X)))
DOM-REMOVE-BY-NULLSET
Beginning proof of DOM-REMOVE-BY-NULLSET ...
(IMPLIES (IS-RELATION R) (= (DOM-REMOVE (NULLSET) R) R))
DOM-REMOVE-NULLSET
Beginning proof of DOM-REMOVE-NULLSET ...
(= (DOM-REMOVE X (NULLSET)) (NULLSET))
RAN-REMOVE-BY-NULLSET
Beginning proof of RAN-REMOVE-BY-NULLSET ...
(IMPLIES (IS-RELATION R) (= (RAN-REMOVE R (NULLSET)) R))
RAN-REMOVE-NULLSET
Beginning proof of RAN-REMOVE-NULLSET ...
(= (RAN-REMOVE (NULLSET) X) (NULLSET))
DOM-REMOVE-UNION
Beginning proof of DOM-REMOVE-UNION ...
(= (DOM-REMOVE X (UNION R S)) (UNION (DOM-REMOVE X R) (DOM-REMOVE X S)))
RAN-REMOVE-UNION
Beginning proof of RAN-REMOVE-UNION ...
(= (RAN-REMOVE (UNION R S) X) (UNION (RAN-REMOVE R X) (RAN-REMOVE S X)))
DOM-REMOVE-UNIT
Beginning proof of DOM-REMOVE-UNIT ...
(= (DOM-REMOVE X (UNIT Y))
 (IF (AND (PAIR!IS-PAIR Y) (NOT (IN (PAIR!FST Y) X))) (UNIT Y) (NULLSET)))
RAN-REMOVE-UNIT
Beginning proof of RAN-REMOVE-UNIT ...
(= (RAN-REMOVE (UNIT X) Y)
 (IF (AND (PAIR!IS-PAIR X) (NOT (IN (PAIR!SND X) Y))) (UNIT X) (NULLSET)))
IMAGE-DOM-REMOVE
Beginning proof of IMAGE-DOM-REMOVE ...
(= (IMAGE (DOM-REMOVE X R) Y) (IMAGE R (DIFF Y X)))
IMAGE-RAN-REMOVE
Beginning proof of IMAGE-RAN-REMOVE ...
(= (IMAGE (RAN-REMOVE R X) Y) (DIFF (IMAGE R Y) X))
DOM-REMOVE-BY-SUPERSET-DOM
Beginning proof of DOM-REMOVE-BY-SUPERSET-DOM ...
(IMPLIES (AND (IS-RELATION R) (SUBSET (DOM R) X))
 (= (DOM-REMOVE X R) (NULLSET)))
RAN-REMOVE-BY-SUPERSET-RAN
Beginning proof of RAN-REMOVE-BY-SUPERSET-RAN ...
(IMPLIES (AND (IS-RELATION R) (SUBSET (RAN R) X))
 (= (RAN-REMOVE R X) (NULLSET)))
ID
IS-RELATION-ID
Beginning proof of IS-RELATION-ID ...
(= (IS-RELATION (ID X)) (TRUE))
INVERSE-ID
Beginning proof of INVERSE-ID ...
(= (INVERSE (ID X)) (ID X))
DOM-ID
Beginning proof of DOM-ID ...
(= (DOM (ID X)) X)
RAN-ID
Beginning proof of RAN-ID ...
(= (RAN (ID X)) X)
IN-ID
Beginning proof of IN-ID ...
(= (IN X (ID Y))
 (AND (PAIR!IS-PAIR X) (IN (PAIR!FST X) Y) (= (PAIR!SND X) (PAIR!FST X))))
IMAGE-ID
Beginning proof of IMAGE-ID ...
(= (IMAGE (ID X) Y) (INTER X Y))
DOM-RESTRICT-ID
Beginning proof of DOM-RESTRICT-ID ...
(= (DOM-RESTRICT X (ID Y)) (ID (INTER X Y)))
RAN-RESTRICT-ID
Beginning proof of RAN-RESTRICT-ID ...
(= (RAN-RESTRICT (ID X) Y) (ID (INTER X Y)))
DOM-REMOVE-ID
Beginning proof of DOM-REMOVE-ID ...
(= (DOM-REMOVE X (ID Y)) (ID (DIFF Y X)))
RAN-REMOVE-ID
Beginning proof of RAN-REMOVE-ID ...
(= (RAN-REMOVE (ID X) Y) (ID (DIFF X Y)))
COMP-ID-LEFT
Beginning proof of COMP-ID-LEFT ...
(= (COMP (ID X) R) (DOM-RESTRICT X R))
COMP-ID-RIGHT
Beginning proof of COMP-ID-RIGHT ...
(= (COMP R (ID X)) (RAN-RESTRICT R X))
ID-NULLSET
Beginning proof of ID-NULLSET ...
(= (ID (NULLSET)) (NULLSET))
SUBSET-ID-ID
Beginning proof of SUBSET-ID-ID ...
(= (SUBSET (ID X) (ID Y)) (SUBSET X Y))
=-ID-ID
Beginning proof of =-ID-ID ...
(= (= (ID X) (ID Y)) (= X Y))
REL
IN-REL
Beginning proof of IN-REL ...
(= (IN R (REL X Y))
 (AND (IS-RELATION R) (SUBSET (DOM R) X) (SUBSET (RAN R) Y)))
REL-NULLSET-LEFT
Beginning proof of REL-NULLSET-LEFT ...
(= (REL (NULLSET) X) (UNIT (NULLSET)))
REL-NULLSET-RIGHT
Beginning proof of REL-NULLSET-RIGHT ...
(= (REL X (NULLSET)) (UNIT (NULLSET)))
Done.