
Reading "/home/sentot/zk/version1/ZK/examples/srspec.ver"
EXTENSIONALITY
Beginning proof of EXTENSIONALITY ...
(= (= X Y) (ALL (E) (IF (IN E X) (IN E Y) (NOT (IN E Y)))))
EXTENSIONALITY-SUBGOAL
Beginning proof of EXTENSIONALITY-SUBGOAL ...
(IMPLIES (ALL (E) (IF (IN E X) (IN E Y) (NOT (IN E Y)))) (= (= X Y) (TRUE)))
SET-CASES
Beginning proof of SET-CASES ...
(OR (= X (NULLSET)) (SOME (E) (IN E X)))
SET-DECOMPOSITION
Beginning proof of SET-DECOMPOSITION ...
(OR (= X (NULLSET))
 (SOME (A B) (AND (IN A X) (NOT (IN A B)) (= X (SETADD A B)))))
SETADD-COMMUTES
Beginning proof of SETADD-COMMUTES ...
(= (SETADD A (SETADD B X)) (SETADD B (SETADD A X)))
SETADD-IDEMPOTENT
Beginning proof of SETADD-IDEMPOTENT ...
(= (SETADD A (SETADD A X)) (SETADD A X))
SETADD-NON-NULL
Beginning proof of SETADD-NON-NULL ...
(= (= (SETADD A X) (NULLSET)) (FALSE))
SETADD-CANCELLATION
Beginning proof of SETADD-CANCELLATION ...
(IMPLIES (AND (NOT (IN A X)) (NOT (IN A Y)))
 (= (= (SETADD A X) (SETADD A Y)) (= X Y)))
SETADD-LEFT-EQUALITY-TEST
Beginning proof of SETADD-LEFT-EQUALITY-TEST ...
(IMPLIES (NOT (IN A Y)) (= (= (SETADD A X) Y) (FALSE)))
SETADD-RIGHT-EQUALITY-TEST
Beginning proof of SETADD-RIGHT-EQUALITY-TEST ...
(IMPLIES (NOT (IN A X)) (= (= X (SETADD A Y)) (FALSE)))
SETADD-MEMBER
Beginning proof of SETADD-MEMBER ...
(IMPLIES (IN A X) (= (SETADD A X) X))
SUBSET-SETADD
Beginning proof of SUBSET-SETADD ...
(= (SUBSET (SETADD A B) C) (AND (IN A C) (SUBSET B C)))
SETADD-UNION-LEFT
Beginning proof of SETADD-UNION-LEFT ...
(= (UNION (SETADD A X) Y) (SETADD A (UNION X Y)))
SETADD-UNION-RIGHT
Beginning proof of SETADD-UNION-RIGHT ...
(= (UNION X (SETADD A Y)) (SETADD A (UNION X Y)))
SUBSET-UNION-LEFT
Beginning proof of SUBSET-UNION-LEFT ...
(= (SUBSET (UNION S T) U) (AND (SUBSET S U) (SUBSET T U)))
UNION-SELF-ASSOCIATED
Beginning proof of UNION-SELF-ASSOCIATED ...
(= (UNION S (UNION S T)) (UNION S T))
SUBSET-UNION-RIGHT
Beginning proof of SUBSET-UNION-RIGHT ...
(IMPLIES (OR (SUBSET S T) (SUBSET S U)) (= (SUBSET S (UNION T U)) (TRUE)))
SUBSET-UNION-RELATION-1
Beginning proof of SUBSET-UNION-RELATION-1 ...
(SUBSET S (UNION S T))
SUBSET-UNION-RELATION-2
Beginning proof of SUBSET-UNION-RELATION-2 ...
(SUBSET T (UNION S T))
UNION-SUBSET-LEFT
Beginning proof of UNION-SUBSET-LEFT ...
(IMPLIES (SUBSET T S) (= (UNION S T) S))
UNION-SUBSET-RIGHT
Beginning proof of UNION-SUBSET-RIGHT ...
(IMPLIES (SUBSET S T) (= (UNION S T) T))
SETADD-INTER-LEFT
Beginning proof of SETADD-INTER-LEFT ...
(= (INTER (SETADD A X) Y) (IF (IN A Y) (SETADD A (INTER X Y)) (INTER X Y)))
SETADD-INTER-RIGHT
Beginning proof of SETADD-INTER-RIGHT ...
(= (INTER X (SETADD A Y)) (IF (IN A X) (SETADD A (INTER X Y)) (INTER X Y)))
SETADD-INTER-LEFT-MEMBER
Beginning proof of SETADD-INTER-LEFT-MEMBER ...
(IMPLIES (IN A Y) (= (INTER (SETADD A X) Y) (SETADD A (INTER X Y))))
SETADD-INTER-LEFT-NONMEMBER
Beginning proof of SETADD-INTER-LEFT-NONMEMBER ...
(IMPLIES (NOT (IN A Y)) (= (INTER (SETADD A X) Y) (INTER X Y)))
SETADD-INTER-RIGHT-MEMBER
Beginning proof of SETADD-INTER-RIGHT-MEMBER ...
(IMPLIES (IN A X) (= (INTER X (SETADD A Y)) (SETADD A (INTER X Y))))
SETADD-INTER-RIGHT-NONMEMBER
Beginning proof of SETADD-INTER-RIGHT-NONMEMBER ...
(IMPLIES (NOT (IN A X)) (= (INTER X (SETADD A Y)) (INTER X Y)))
INTER-SELF-ASSOCIATED
Beginning proof of INTER-SELF-ASSOCIATED ...
(= (INTER S (INTER S T)) (INTER S T))
SUBSET-INTER-LEFT
Beginning proof of SUBSET-INTER-LEFT ...
(IMPLIES (OR (SUBSET S U) (SUBSET T U)) (= (SUBSET (INTER S T) U) (TRUE)))
SUBSET-INTER-RIGHT
Beginning proof of SUBSET-INTER-RIGHT ...
(= (SUBSET S (INTER T U)) (AND (SUBSET S T) (SUBSET S U)))
SUBSET-INTER-RELATION-1
Beginning proof of SUBSET-INTER-RELATION-1 ...
(SUBSET (INTER S T) S)
SUBSET-INTER-RELATION-2
Beginning proof of SUBSET-INTER-RELATION-2 ...
(SUBSET (INTER S T) T)
INTER-SUBSET-LEFT
Beginning proof of INTER-SUBSET-LEFT ...
(IMPLIES (SUBSET T S) (= (INTER S T) T))
INTER-SUBSET-RIGHT
Beginning proof of INTER-SUBSET-RIGHT ...
(IMPLIES (SUBSET S T) (= (INTER S T) S))
INTER-NULLSET
Beginning proof of INTER-NULLSET ...
(= (= (INTER S T) (NULLSET)) (ALL (E) (NOT (AND (IN E S) (IN E T)))))
INTER-UNION-DISTRIBUTION
Beginning proof of INTER-UNION-DISTRIBUTION ...
(= (INTER S (UNION T U)) (UNION (INTER S T) (INTER S U)))
INTER-DIFF-LEFT
Beginning proof of INTER-DIFF-LEFT ...
(= (INTER (DIFF S T) U) (DIFF (INTER S U) T))
INTER-DIFF-RIGHT
Beginning proof of INTER-DIFF-RIGHT ...
(= (INTER S (DIFF T U)) (DIFF (INTER S T) U))
SETADD-DIFF
Beginning proof of SETADD-DIFF ...
(= (DIFF (SETADD A X) Y) (IF (IN A Y) (DIFF X Y) (SETADD A (DIFF X Y))))
SETADD-DIFF-LEFT-MEMBER
Beginning proof of SETADD-DIFF-LEFT-MEMBER ...
(IMPLIES (IN A Y) (= (DIFF (SETADD A X) Y) (DIFF X Y)))
SETADD-DIFF-LEFT-NONMEMBER
Beginning proof of SETADD-DIFF-LEFT-NONMEMBER ...
(IMPLIES (NOT (IN A Y)) (= (DIFF (SETADD A X) Y) (SETADD A (DIFF X Y))))
SUBSET-DIFF-RELATION
Beginning proof of SUBSET-DIFF-RELATION ...
(SUBSET (DIFF S T) S)
SUBSET-DIFF-LEFT
Beginning proof of SUBSET-DIFF-LEFT ...
(= (SUBSET (DIFF S T) U) (SUBSET S (UNION T U)))
SUBSET-DIFF-RIGHT
Beginning proof of SUBSET-DIFF-RIGHT ...
(= (SUBSET S (DIFF T U)) (AND (SUBSET S T) (= (INTER S U) (NULLSET))))
DIFF-SELF
Beginning proof of DIFF-SELF ...
(= (DIFF S S) (NULLSET))
DIFF-NULLSET-RIGHT
Beginning proof of DIFF-NULLSET-RIGHT ...
(= (DIFF S (NULLSET)) S)
DIFF-NULLSET-LEFT
Beginning proof of DIFF-NULLSET-LEFT ...
(= (DIFF (NULLSET) S) (NULLSET))
DIFF-DIFF
Beginning proof of DIFF-DIFF ...
(= (DIFF (DIFF S T) U) (DIFF S (UNION T U)))
DIFF-INTER
Beginning proof of DIFF-INTER ...
(= (DIFF S (INTER T U)) (UNION (DIFF S T) (DIFF S U)))
DIFF-=-NULLSET
Beginning proof of DIFF-=-NULLSET ...
(= (= (DIFF S T) (NULLSET)) (SUBSET S T))
DIFF-SUPERSET
Beginning proof of DIFF-SUPERSET ...
(IMPLIES (SUBSET S T) (= (DIFF S T) (NULLSET)))
DELTA-EXPANSION
Beginning proof of DELTA-EXPANSION ...
(= (DELTA X Y) (UNION (DIFF X Y) (DIFF Y X)))
UNIT-TO-SETADD
Beginning proof of UNIT-TO-SETADD ...
(= (UNIT X) (SETADD X (NULLSET)))
IN-SELF
Beginning proof of IN-SELF ...
(= (IN S S) (FALSE))
NO-2-CYCLE
Beginning proof of NO-2-CYCLE ...
(NOT (AND (IN S T) (IN T S)))
CUP-NULLSET
Beginning proof of CUP-NULLSET ...
(= (CUP (NULLSET)) (NULLSET))
CUP-UNION
Beginning proof of CUP-UNION ...
(= (CUP (UNION X Y)) (UNION (CUP X) (CUP Y)))
CUP-UNIT
Beginning proof of CUP-UNIT ...
(= (CUP (UNIT X)) X)
CUP-SETADD
Beginning proof of CUP-SETADD ...
(= (CUP (SETADD X Y)) (UNION X (CUP Y)))
MEMBER-SUBSET-CUP
Beginning proof of MEMBER-SUBSET-CUP ...
(IMPLIES (IN X Y) (= (SUBSET X (CUP Y)) (TRUE)))
CUP-SUBSET
Beginning proof of CUP-SUBSET ...
(= (SUBSET (CUP X) Y) (ALL (Z) (IMPLIES (IN Z X) (SUBSET Z Y))))
Done.