
Reading "/home/sentot/zk/version1/ZK/examples/trspec.ver"
IS-EMPTY
IS-TRACE
EMPTY
TACK
HEAD
TAIL
SIZE
IS-EMPTY-BOOL
Beginning proof of IS-EMPTY-BOOL ...
(= (TYPE-OF (IS-EMPTY T)) (BOOL))
IS-TRACE-BOOL
Beginning proof of IS-TRACE-BOOL ...
(= (TYPE-OF (IS-TRACE T)) (BOOL))
IS-TRACE-CONSEQ
Beginning proof of IS-TRACE-CONSEQ ...
(IMPLIES (IS-TRACE T) (= (IS-EMPTY T) (= T (EMPTY))))
IS-EMPTY-CONSEQ
Beginning proof of IS-EMPTY-CONSEQ ...
(IMPLIES (IS-EMPTY T) (= (IS-TRACE T) (= T (EMPTY))))
IS-TRACE-TAIL
Beginning proof of IS-TRACE-TAIL ...
(IMPLIES (NOT (IS-EMPTY T)) (IS-TRACE (TAIL T)))
NOT-IS-TRACE-IS-EMPTY
Beginning proof of NOT-IS-TRACE-IS-EMPTY ...
(IMPLIES (NOT (IS-TRACE T)) (IS-EMPTY T))
TACK-HEAD-TAIL
Beginning proof of TACK-HEAD-TAIL ...
(IMPLIES (NOT (IS-EMPTY T)) (AND (IS-TRACE T) (= T (TACK (HEAD T) (TAIL T)))))
IS-EMPTY-EMPTY
Beginning proof of IS-EMPTY-EMPTY ...
(IS-EMPTY (EMPTY))
IS-TRACE-EMPTY
Beginning proof of IS-TRACE-EMPTY ...
(IS-TRACE (EMPTY))
TACK-NOT-EMPTY
Beginning proof of TACK-NOT-EMPTY ...
(= (IS-EMPTY (TACK X T)) (FALSE))
IS-TRACE-TACK
Beginning proof of IS-TRACE-TACK ...
(IS-TRACE (TACK X T))
HEAD-TACK
Beginning proof of HEAD-TACK ...
(= (HEAD (TACK X T)) X)
TAIL-TACK-SEQ
Beginning proof of TAIL-TACK-SEQ ...
(IMPLIES (IS-TRACE T) (= (TAIL (TACK X T)) T))
TAIL-TACK-EMPTY
Beginning proof of TAIL-TACK-EMPTY ...
(IMPLIES (IS-EMPTY T) (= (TAIL (TACK X T)) (EMPTY)))
TACK-SAME
Beginning proof of TACK-SAME ...
(IMPLIES (AND (IS-TRACE Y1) (IS-TRACE Y2))
 (= (= (TACK X1 Y1) (TACK X2 Y2)) (AND (= X1 X2) (= Y1 Y2))))
SIZE-TAIL
Beginning proof of SIZE-TAIL ...
(IMPLIES (NOT (IS-EMPTY T)) (M< (SIZE (TAIL T)) (SIZE T)))
LENGTH
Beginning proof of LENGTH ...
(IF (IS-EMPTY T) (TRUE) (M< (SIZE (TAIL T)) (SIZE T)))
LENGTH-NON-NEGATIVE
Beginning proof of LENGTH-NON-NEGATIVE ...
(>= (LENGTH T) 0)
INDUCTION-SCHEME-FOR-NAT-AND-TRACE
Beginning proof of INDUCTION-SCHEME-FOR-NAT-AND-TRACE ...
(IF (AND (> N 0) (NOT (IS-EMPTY X))) (M< (- N 1) N) (TRUE))
INDUCTION-ON-TWO-TRACES
Beginning proof of INDUCTION-ON-TWO-TRACES ...
(IF (OR (IS-EMPTY T1) (IS-EMPTY T2)) (TRUE)
 (M< (LENGTH (TAIL T1)) (LENGTH T1)))
APPEND
Beginning proof of APPEND ...
(IF (IS-EMPTY T1) (TRUE) (M< (LENGTH (TAIL T1)) (LENGTH T1)))
IS-TRACE-APPEND
Beginning proof of IS-TRACE-APPEND ...
(IMPLIES (AND (IS-TRACE T1) (IS-TRACE T2)) (IS-TRACE (APPEND T1 T2)))
APPEND-EMPTY-LEFT
Beginning proof of APPEND-EMPTY-LEFT ...
(IMPLIES (IS-TRACE T) (= (APPEND (EMPTY) T) T))
APPEND-EMPTY-RIGHT
Beginning proof of APPEND-EMPTY-RIGHT ...
(IMPLIES (IS-TRACE T) (= (APPEND T (EMPTY)) T))
APPEND-IS-EMPTY
Beginning proof of APPEND-IS-EMPTY ...
(IMPLIES (AND (IS-TRACE S) (IS-TRACE T))
 (= (= (APPEND S T) (EMPTY)) (AND (= S (EMPTY)) (= T (EMPTY)))))
LENGTH-APPEND
Beginning proof of LENGTH-APPEND ...
(IMPLIES (AND (IS-TRACE T1) (IS-TRACE T2))
 (= (LENGTH (APPEND T1 T2)) (+ (LENGTH T1) (LENGTH T2))))
APPEND-ASSOCIATIVE
Beginning proof of APPEND-ASSOCIATIVE ...
(IMPLIES (AND (IS-TRACE T1) (IS-TRACE T2) (IS-TRACE T3))
 (= (APPEND (APPEND T1 T2) T3) (APPEND T1 (APPEND T2 T3))))
APPEND-NOT-EMPTY-LEFT
Beginning proof of APPEND-NOT-EMPTY-LEFT ...
(IMPLIES (AND (NOT (IS-EMPTY S)) (IS-TRACE T)) (NOT (IS-EMPTY (APPEND S T))))
APPEND-NOT-EMPTY-RIGHT
Beginning proof of APPEND-NOT-EMPTY-RIGHT ...
(IMPLIES (AND (IS-TRACE S) (NOT (IS-EMPTY T))) (NOT (IS-EMPTY (APPEND S T))))
APPEND-EQUALITY-LEMMA
Beginning proof of APPEND-EQUALITY-LEMMA ...
(IMPLIES
 (AND (IS-TRACE S1) (IS-TRACE S2) (IS-TRACE T1) (IS-TRACE T2)
  (= (APPEND S1 S2) (APPEND T1 T2)))
 (OR (SOME (U1) (AND (IS-TRACE U1) (= S1 (APPEND T1 U1))))
  (SOME (U2) (AND (IS-TRACE U2) (= T1 (APPEND S1 U2))))))
APPEND-LEFT-CANCELLATION
Beginning proof of APPEND-LEFT-CANCELLATION ...
(IMPLIES (AND (IS-TRACE S) (IS-TRACE T1) (IS-TRACE T2))
 (= (= (APPEND S T1) (APPEND S T2)) (= T1 T2)))
APPEND-RIGHT-CANCELLATION
Beginning proof of APPEND-RIGHT-CANCELLATION ...
(IMPLIES (AND (IS-TRACE S1) (IS-TRACE S2) (IS-TRACE T))
 (= (= (APPEND S1 T) (APPEND S2 T)) (= S1 S2)))
TRACE-OF
IS-TRACE-OF
Beginning proof of IS-TRACE-OF ...
(IF (IS-EMPTY X) (TRUE) (M< (LENGTH (TAIL X)) (LENGTH X)))
IS-TRACE-OF-EMPTY
Beginning proof of IS-TRACE-OF-EMPTY ...
(= (IS-TRACE-OF (EMPTY) A) (TRUE))
IN-TRACE-OF
Beginning proof of IN-TRACE-OF ...
(= (IN X (TRACE-OF S)) (IS-TRACE-OF X S))
IS-TRACE-OF-TACK
Beginning proof of IS-TRACE-OF-TACK ...
(IMPLIES (AND (IN X A) (IS-TRACE S) (IS-TRACE-OF S A))
 (= (IS-TRACE-OF (TACK X S) A) (TRUE)))
IS-TRACE-OF-IS-TRACE
Beginning proof of IS-TRACE-OF-IS-TRACE ...
(IMPLIES (IS-TRACE-OF S A) (IS-TRACE S))
IS-TRACE-OF-APPEND-LEMMA
Beginning proof of IS-TRACE-OF-APPEND-LEMMA ...
(IMPLIES
 (AND (IS-TRACE-OF S A) (IS-TRACE-OF S1 A) (IS-TRACE S2) (= S1 (APPEND S S2)))
 (IS-TRACE-OF S2 A))
IS-TRACE-OF-APPEND
Beginning proof of IS-TRACE-OF-APPEND ...
(IMPLIES (AND (IS-TRACE S1) (IS-TRACE S2))
 (= (IS-TRACE-OF (APPEND S1 S2) A)
  (AND (IS-TRACE-OF S1 A) (IS-TRACE-OF S2 A))))
BEGIN-WITH
DELETE-INITIAL-SUBSEQUENCE
Beginning proof of DELETE-INITIAL-SUBSEQUENCE ...
(IF (>= N 1) (M< (- N 1) N) (TRUE))
DELETE-INITIAL-SUBSEQUENCE-IS-TRACE
Beginning proof of DELETE-INITIAL-SUBSEQUENCE-IS-TRACE ...
(IMPLIES (AND (IS-TRACE S) (>= (LENGTH S) N))
 (IS-TRACE (DELETE-INITIAL-SUBSEQUENCE S N)))
SELECT-AFTER
DELETE-INITIAL-SUBSEQUENCE-APPEND
Beginning proof of DELETE-INITIAL-SUBSEQUENCE-APPEND ...
(IMPLIES (AND (IS-TRACE S1) (IS-TRACE S2))
 (= (DELETE-INITIAL-SUBSEQUENCE (APPEND S1 S2) (LENGTH S1)) S2))
DELETE-INITIAL-SUBSEQUENCE-LENGTH
Beginning proof of DELETE-INITIAL-SUBSEQUENCE-LENGTH ...
(IMPLIES (IS-TRACE S) (= (DELETE-INITIAL-SUBSEQUENCE S (LENGTH S)) (EMPTY)))
DELETE-INITIAL-SUBSEQUENCE-APPEND-LENGTH
Beginning proof of DELETE-INITIAL-SUBSEQUENCE-APPEND-LENGTH ...
(IMPLIES (AND (IS-TRACE S1) (IS-TRACE S2))
 (= (DELETE-INITIAL-SUBSEQUENCE (APPEND S1 S2) (LENGTH S1)) S2))
DELETE-INITIAL-SUBSEQUENCE-IS-TRACE-OF
Beginning proof of DELETE-INITIAL-SUBSEQUENCE-IS-TRACE-OF ...
(IMPLIES (AND (IS-TRACE-OF S A) (>= (LENGTH S) N))
 (= (IS-TRACE-OF (DELETE-INITIAL-SUBSEQUENCE S N) A) (TRUE)))
RESTRICT
Beginning proof of RESTRICT ...
(IF (IS-EMPTY S) (TRUE) (M< (LENGTH (TAIL S)) (LENGTH S)))
IS-TRACE-RESTRICT
Beginning proof of IS-TRACE-RESTRICT ...
(IMPLIES (IS-TRACE S) (IS-TRACE (RESTRICT S A)))
IS-TRACE-OF-RESTRICT
Beginning proof of IS-TRACE-OF-RESTRICT ...
(IMPLIES (IS-TRACE S) (IS-TRACE-OF (RESTRICT S A) A))
RESTRICT-APPEND
Beginning proof of RESTRICT-APPEND ...
(IMPLIES (AND (IS-TRACE S) (IS-TRACE T))
 (= (RESTRICT (APPEND S T) A) (APPEND (RESTRICT S A) (RESTRICT T A))))
OCCURS
Beginning proof of OCCURS ...
(IF (IS-EMPTY T) (TRUE) (M< (LENGTH (TAIL T)) (LENGTH T)))
OCCURS-IMPLIES-NOT-EMPTY
Beginning proof of OCCURS-IMPLIES-NOT-EMPTY ...
(IMPLIES (OCCURS E T) (NOT (IS-EMPTY T)))
OCCURS-APPEND
Beginning proof of OCCURS-APPEND ...
(IMPLIES (AND (IS-TRACE S1) (IS-TRACE S2))
 (= (OCCURS E (APPEND S1 S2)) (OR (OCCURS E S1) (OCCURS E S2))))
OCCURS-RESTRICT
Beginning proof of OCCURS-RESTRICT ...
(IMPLIES (IS-TRACE S)
 (= (OCCURS E (RESTRICT S A)) (AND (IN E A) (OCCURS E S))))
LAST-EVENT
Beginning proof of LAST-EVENT ...
(IF (IS-EMPTY T) (TRUE)
 (IF (IS-EMPTY (TAIL T)) (TRUE) (M< (LENGTH (TAIL T)) (LENGTH T))))
BUT-LAST
Beginning proof of BUT-LAST ...
(IF (OR (IS-EMPTY T) (IS-EMPTY (TAIL T))) (TRUE)
 (M< (LENGTH (TAIL T)) (LENGTH T)))
BUT-LAST-IS-TRACE
Beginning proof of BUT-LAST-IS-TRACE ...
(IS-TRACE (BUT-LAST T))
BUT-LAST-IS-TRACE-OF
Beginning proof of BUT-LAST-IS-TRACE-OF ...
(IMPLIES (IS-TRACE-OF T A) (= (IS-TRACE-OF (BUT-LAST T) A) (TRUE)))
APPEND-BUT-LAST-LAST
Beginning proof of APPEND-BUT-LAST-LAST ...
(IMPLIES (NOT (IS-EMPTY T))
 (= (APPEND (BUT-LAST T) (TACK (LAST-EVENT T) (EMPTY))) T))
BUT-LAST-APPEND
Beginning proof of BUT-LAST-APPEND ...
(IMPLIES (AND (IS-TRACE S) (NOT (IS-EMPTY T)))
 (= (BUT-LAST (APPEND S T)) (APPEND S (BUT-LAST T))))
LENGTH-BUT-LAST
Beginning proof of LENGTH-BUT-LAST ...
(IMPLIES (NOT (IS-EMPTY S)) (= (LENGTH (BUT-LAST S)) (- (LENGTH S) 1)))
OCCURS-BUT-LAST
Beginning proof of OCCURS-BUT-LAST ...
(IMPLIES (AND (IS-TRACE T) (OCCURS E (BUT-LAST T))) (OCCURS E T))
Done.